<?xml version="1.0" encoding="UTF-8"?>
<!-- Generated by org.testng.reporters.JUnitReportReporter -->
<testsuite skipped="1" hostname="LHTU05CG62523GF" name="week5.Ex_DataProvider" tests="2" failures="0" timestamp="13 Oct 2019 06:02:30 GMT" time="0.032" errors="0">
  <testcase name="Product_Sanity" time="0.019" classname="week5.Ex_DataProvider"/>
  <testcase name="Product_Sanity" time="0.013" classname="week5.Ex_DataProvider">
    <skipped/>
  </testcase> <!-- Product_Sanity -->
</testsuite> <!-- week5.Ex_DataProvider -->
