<?xml version="1.0" encoding="UTF-8"?>
<!-- Generated by org.testng.reporters.JUnitReportReporter -->
<testsuite skipped="0" hostname="LHTU05CG62523GF" name="week5.WebInteraction" tests="2" failures="0" timestamp="12 Oct 2019 04:10:39 GMT" time="8.089" errors="0">
  <testcase name="login_OrangeHRM" time="8.058" classname="week5.WebInteraction"/>
  <testcase name="loginHRM_GetTitle" time="0.031" classname="week5.WebInteraction"/>
</testsuite> <!-- week5.WebInteraction -->
